<?xml version="1.0" encoding="UTF-8"?>
<testsuite xmlns:xsi="http://www.w3.org/2001/XMLSchema-instance" xsi:noNamespaceSchemaLocation="https://maven.apache.org/surefire/maven-surefire-plugin/xsd/surefire-test-report.xsd" name="TestSuite" time="5.346" tests="12" errors="0" skipped="0" failures="0">
  <properties>
    <property name="sun.desktop" value="windows"/>
    <property name="awt.toolkit" value="sun.awt.windows.WToolkit"/>
    <property name="java.specification.version" value="11"/>
    <property name="sun.cpu.isalist" value="amd64"/>
    <property name="sun.jnu.encoding" value="Cp1251"/>
    <property name="java.class.path" value="C:\Users\Anhelina_Zhukova\Desktop\TestingFramework\target\test-classes;C:\Users\Anhelina_Zhukova\Desktop\TestingFramework\target\classes;C:\Users\Anhelina_Zhukova\.m2\repository\io\rest-assured\rest-assured\3.2.0\rest-assured-3.2.0.jar;C:\Users\Anhelina_Zhukova\.m2\repository\org\codehaus\groovy\groovy\2.4.15\groovy-2.4.15.jar;C:\Users\Anhelina_Zhukova\.m2\repository\org\codehaus\groovy\groovy-xml\2.4.15\groovy-xml-2.4.15.jar;C:\Users\Anhelina_Zhukova\.m2\repository\org\apache\httpcomponents\httpclient\4.5.3\httpclient-4.5.3.jar;C:\Users\Anhelina_Zhukova\.m2\repository\org\apache\httpcomponents\httpcore\4.4.6\httpcore-4.4.6.jar;C:\Users\Anhelina_Zhukova\.m2\repository\commons-logging\commons-logging\1.2\commons-logging-1.2.jar;C:\Users\Anhelina_Zhukova\.m2\repository\commons-codec\commons-codec\1.9\commons-codec-1.9.jar;C:\Users\Anhelina_Zhukova\.m2\repository\org\apache\httpcomponents\httpmime\4.5.1\httpmime-4.5.1.jar;C:\Users\Anhelina_Zhukova\.m2\repository\org\hamcrest\hamcrest-core\1.3\hamcrest-core-1.3.jar;C:\Users\Anhelina_Zhukova\.m2\repository\org\hamcrest\hamcrest-library\1.3\hamcrest-library-1.3.jar;C:\Users\Anhelina_Zhukova\.m2\repository\org\ccil\cowan\tagsoup\tagsoup\1.2.1\tagsoup-1.2.1.jar;C:\Users\Anhelina_Zhukova\.m2\repository\io\rest-assured\xml-path\3.2.0\xml-path-3.2.0.jar;C:\Users\Anhelina_Zhukova\.m2\repository\javax\xml\bind\jaxb-api\2.2.12\jaxb-api-2.2.12.jar;C:\Users\Anhelina_Zhukova\.m2\repository\com\sun\xml\bind\jaxb-osgi\2.2.10\jaxb-osgi-2.2.10.jar;C:\Users\Anhelina_Zhukova\.m2\repository\org\apache\sling\org.apache.sling.javax.activation\0.1.0\org.apache.sling.javax.activation-0.1.0.jar;C:\Users\Anhelina_Zhukova\.m2\repository\javax\activation\activation\1.1.1\activation-1.1.1.jar;C:\Users\Anhelina_Zhukova\.m2\repository\com\google\code\gson\gson\2.8.5\gson-2.8.5.jar;C:\Users\Anhelina_Zhukova\.m2\repository\org\projectlombok\lombok-maven-plugin\1.18.2.0\lombok-maven-plugin-1.18.2.0.jar;C:\Users\Anhelina_Zhukova\.m2\repository\org\apache\commons\commons-lang3\3.8.1\commons-lang3-3.8.1.jar;C:\Users\Anhelina_Zhukova\.m2\repository\org\projectlombok\lombok\1.18.2\lombok-1.18.2.jar;C:\Users\Anhelina_Zhukova\.m2\repository\org\sonatype\plexus\plexus-build-api\0.0.7\plexus-build-api-0.0.7.jar;C:\Users\Anhelina_Zhukova\.m2\repository\org\codehaus\plexus\plexus-utils\1.5.8\plexus-utils-1.5.8.jar;C:\Users\Anhelina_Zhukova\.m2\repository\org\testng\testng\7.0.0-beta1\testng-7.0.0-beta1.jar;C:\Users\Anhelina_Zhukova\.m2\repository\com\beust\jcommander\1.72\jcommander-1.72.jar;C:\Users\Anhelina_Zhukova\.m2\repository\io\rest-assured\json-path\3.1.1\json-path-3.1.1.jar;C:\Users\Anhelina_Zhukova\.m2\repository\org\codehaus\groovy\groovy-json\2.4.12\groovy-json-2.4.12.jar;C:\Users\Anhelina_Zhukova\.m2\repository\io\rest-assured\rest-assured-common\3.1.1\rest-assured-common-3.1.1.jar;C:\Users\Anhelina_Zhukova\.m2\repository\org\slf4j\slf4j-api\1.7.5\slf4j-api-1.7.5.jar;C:\Users\Anhelina_Zhukova\.m2\repository\org\slf4j\slf4j-log4j12\1.7.5\slf4j-log4j12-1.7.5.jar;C:\Users\Anhelina_Zhukova\.m2\repository\log4j\log4j\1.2.17\log4j-1.2.17.jar;"/>
    <property name="java.vm.vendor" value="Oracle Corporation"/>
    <property name="sun.arch.data.model" value="64"/>
    <property name="user.variant" value=""/>
    <property name="java.vendor.url" value="http://java.oracle.com/"/>
    <property name="user.timezone" value="Europe/Helsinki"/>
    <property name="java.vm.specification.version" value="11"/>
    <property name="os.name" value="Windows 10"/>
    <property name="sun.java.launcher" value="SUN_STANDARD"/>
    <property name="user.country" value="US"/>
    <property name="sun.boot.library.path" value="C:\Program Files\Java\jdk-11.0.1\bin"/>
    <property name="sun.java.command" value="C:\Users\ANHELI~1\AppData\Local\Temp\surefire5277598760635877533\surefirebooter12315925449851527404.jar C:\Users\Anhelina_Zhukova\AppData\Local\Temp\surefire5277598760635877533 2018-11-07T18-36-57_417-jvmRun1 surefire11471657386483244066tmp surefire_05893254464442666141tmp"/>
    <property name="jdk.debug" value="release"/>
    <property name="surefire.test.class.path" value="C:\Users\Anhelina_Zhukova\Desktop\TestingFramework\target\test-classes;C:\Users\Anhelina_Zhukova\Desktop\TestingFramework\target\classes;C:\Users\Anhelina_Zhukova\.m2\repository\io\rest-assured\rest-assured\3.2.0\rest-assured-3.2.0.jar;C:\Users\Anhelina_Zhukova\.m2\repository\org\codehaus\groovy\groovy\2.4.15\groovy-2.4.15.jar;C:\Users\Anhelina_Zhukova\.m2\repository\org\codehaus\groovy\groovy-xml\2.4.15\groovy-xml-2.4.15.jar;C:\Users\Anhelina_Zhukova\.m2\repository\org\apache\httpcomponents\httpclient\4.5.3\httpclient-4.5.3.jar;C:\Users\Anhelina_Zhukova\.m2\repository\org\apache\httpcomponents\httpcore\4.4.6\httpcore-4.4.6.jar;C:\Users\Anhelina_Zhukova\.m2\repository\commons-logging\commons-logging\1.2\commons-logging-1.2.jar;C:\Users\Anhelina_Zhukova\.m2\repository\commons-codec\commons-codec\1.9\commons-codec-1.9.jar;C:\Users\Anhelina_Zhukova\.m2\repository\org\apache\httpcomponents\httpmime\4.5.1\httpmime-4.5.1.jar;C:\Users\Anhelina_Zhukova\.m2\repository\org\hamcrest\hamcrest-core\1.3\hamcrest-core-1.3.jar;C:\Users\Anhelina_Zhukova\.m2\repository\org\hamcrest\hamcrest-library\1.3\hamcrest-library-1.3.jar;C:\Users\Anhelina_Zhukova\.m2\repository\org\ccil\cowan\tagsoup\tagsoup\1.2.1\tagsoup-1.2.1.jar;C:\Users\Anhelina_Zhukova\.m2\repository\io\rest-assured\xml-path\3.2.0\xml-path-3.2.0.jar;C:\Users\Anhelina_Zhukova\.m2\repository\javax\xml\bind\jaxb-api\2.2.12\jaxb-api-2.2.12.jar;C:\Users\Anhelina_Zhukova\.m2\repository\com\sun\xml\bind\jaxb-osgi\2.2.10\jaxb-osgi-2.2.10.jar;C:\Users\Anhelina_Zhukova\.m2\repository\org\apache\sling\org.apache.sling.javax.activation\0.1.0\org.apache.sling.javax.activation-0.1.0.jar;C:\Users\Anhelina_Zhukova\.m2\repository\javax\activation\activation\1.1.1\activation-1.1.1.jar;C:\Users\Anhelina_Zhukova\.m2\repository\com\google\code\gson\gson\2.8.5\gson-2.8.5.jar;C:\Users\Anhelina_Zhukova\.m2\repository\org\projectlombok\lombok-maven-plugin\1.18.2.0\lombok-maven-plugin-1.18.2.0.jar;C:\Users\Anhelina_Zhukova\.m2\repository\org\apache\commons\commons-lang3\3.8.1\commons-lang3-3.8.1.jar;C:\Users\Anhelina_Zhukova\.m2\repository\org\projectlombok\lombok\1.18.2\lombok-1.18.2.jar;C:\Users\Anhelina_Zhukova\.m2\repository\org\sonatype\plexus\plexus-build-api\0.0.7\plexus-build-api-0.0.7.jar;C:\Users\Anhelina_Zhukova\.m2\repository\org\codehaus\plexus\plexus-utils\1.5.8\plexus-utils-1.5.8.jar;C:\Users\Anhelina_Zhukova\.m2\repository\org\testng\testng\7.0.0-beta1\testng-7.0.0-beta1.jar;C:\Users\Anhelina_Zhukova\.m2\repository\com\beust\jcommander\1.72\jcommander-1.72.jar;C:\Users\Anhelina_Zhukova\.m2\repository\io\rest-assured\json-path\3.1.1\json-path-3.1.1.jar;C:\Users\Anhelina_Zhukova\.m2\repository\org\codehaus\groovy\groovy-json\2.4.12\groovy-json-2.4.12.jar;C:\Users\Anhelina_Zhukova\.m2\repository\io\rest-assured\rest-assured-common\3.1.1\rest-assured-common-3.1.1.jar;C:\Users\Anhelina_Zhukova\.m2\repository\org\slf4j\slf4j-api\1.7.5\slf4j-api-1.7.5.jar;C:\Users\Anhelina_Zhukova\.m2\repository\org\slf4j\slf4j-log4j12\1.7.5\slf4j-log4j12-1.7.5.jar;C:\Users\Anhelina_Zhukova\.m2\repository\log4j\log4j\1.2.17\log4j-1.2.17.jar;"/>
    <property name="sun.cpu.endian" value="little"/>
    <property name="user.home" value="C:\Users\Anhelina_Zhukova"/>
    <property name="user.language" value="en"/>
    <property name="java.specification.vendor" value="Oracle Corporation"/>
    <property name="java.version.date" value="2018-10-16"/>
    <property name="java.home" value="C:\Program Files\Java\jdk-11.0.1"/>
    <property name="file.separator" value="\"/>
    <property name="basedir" value="C:\Users\Anhelina_Zhukova\Desktop\TestingFramework"/>
    <property name="java.vm.compressedOopsMode" value="Zero based"/>
    <property name="line.separator" value="&#10;"/>
    <property name="java.specification.name" value="Java Platform API Specification"/>
    <property name="java.vm.specification.vendor" value="Oracle Corporation"/>
    <property name="java.awt.graphicsenv" value="sun.awt.Win32GraphicsEnvironment"/>
    <property name="surefire.real.class.path" value="C:\Users\ANHELI~1\AppData\Local\Temp\surefire5277598760635877533\surefirebooter12315925449851527404.jar"/>
    <property name="user.script" value=""/>
    <property name="sun.management.compiler" value="HotSpot 64-Bit Tiered Compilers"/>
    <property name="java.runtime.version" value="11.0.1+13-LTS"/>
    <property name="user.name" value="Anhelina_Zhukova"/>
    <property name="path.separator" value=";"/>
    <property name="os.version" value="10.0"/>
    <property name="java.runtime.name" value="Java(TM) SE Runtime Environment"/>
    <property name="file.encoding" value="Cp1251"/>
    <property name="java.vm.name" value="Java HotSpot(TM) 64-Bit Server VM"/>
    <property name="java.vendor.version" value="18.9"/>
    <property name="localRepository" value="C:\Users\Anhelina_Zhukova\.m2\repository"/>
    <property name="java.vendor.url.bug" value="http://bugreport.java.com/bugreport/"/>
    <property name="java.io.tmpdir" value="C:\Users\ANHELI~1\AppData\Local\Temp\"/>
    <property name="java.version" value="11.0.1"/>
    <property name="user.dir" value="C:\Users\Anhelina_Zhukova\Desktop\TestingFramework"/>
    <property name="os.arch" value="amd64"/>
    <property name="java.vm.specification.name" value="Java Virtual Machine Specification"/>
    <property name="java.awt.printerjob" value="sun.awt.windows.WPrinterJob"/>
    <property name="sun.os.patch.level" value=""/>
    <property name="java.library.path" value="C:\Program Files\Java\jdk-11.0.1\bin;C:\WINDOWS\Sun\Java\bin;C:\WINDOWS\system32;C:\WINDOWS;C:\Program Files (x86)\Common Files\Oracle\Java\javapath;C:\WINDOWS\system32;C:\WINDOWS;C:\WINDOWS\System32\Wbem;C:\WINDOWS\System32\WindowsPowerShell\v1.0\;C:\WINDOWS\System32\OpenSSH\;C:\Program Files\TortoiseSVN\bin;C:\Program Files\Java\jdk-11.0.1\bin;C:\Program Files\Maven\apache-maven-3.5.4\bin;C:\Program Files\apache-jmeter-5.0\bin;C:\Program Files\Git\cmd;C:\Program Files\Gradle\gradle-4.10.2\bin;C:\Users\Anhelina_Zhukova\AppData\Local\Microsoft\WindowsApps;;."/>
    <property name="java.vendor" value="Oracle Corporation"/>
    <property name="java.vm.info" value="mixed mode"/>
    <property name="java.vm.version" value="11.0.1+13-LTS"/>
    <property name="sun.io.unicode.encoding" value="UnicodeLittle"/>
    <property name="java.class.version" value="55.0"/>
  </properties>
  <testcase name="getCountriesByAnyFreeFormText" classname="scenarios.CountryObjectValidate" time="0.871"/>
  <testcase name="getCountryByThreeCharISO" classname="scenarios.CountryObjectValidate" time="0.301"/>
  <testcase name="getCountryByTwoCharISO" classname="scenarios.CountryObjectValidate" time="0.359"/>
  <testcase name="getNothingMatchingFoundByAnyFreeFormText" classname="scenarios.CountryObjectValidate" time="0.313"/>
  <testcase name="getNothingMatchingFoundByThreeCharISO" classname="scenarios.CountryObjectValidate" time="0.307"/>
  <testcase name="getNothingMatchingFoundByTwoCharISO" classname="scenarios.CountryObjectValidate" time="0.313"/>
  <testcase name="successGetAllCountriesList" classname="scenarios.CountryObjectValidate" time="0.499"/>
  <testcase name="getNothingMatchingFound" classname="scenarios.StateObjectValidate" time="0.366"/>
  <testcase name="getNothingStateByAnyFreeFormText" classname="scenarios.StateObjectValidate" time="0.34"/>
  <testcase name="getStateByAnyFreeFormText" classname="scenarios.StateObjectValidate" time="0.337"/>
  <testcase name="successGetAllStatesResponse" classname="scenarios.StateObjectValidate" time="0.409"/>
  <testcase name="successGetOneStateResponse" classname="scenarios.StateObjectValidate" time="0.348"/>
</testsuite>