<?xml version="1.0" encoding="UTF-8"?>
<!-- Generated by org.testng.reporters.JUnitReportReporter -->
<testsuite hostname="EPUAKYIW3085" failures="0" tests="7" name="scenarios.CountryObjectValidate" time="3.450" errors="0" timestamp="2018-11-05T18:28:12 EET" skipped="0">
  <testcase classname="scenarios.CountryObjectValidate" name="getCountriesByAnyFreeFormText" time="1.150"/>
  <testcase classname="scenarios.CountryObjectValidate" name="getNothingMatchingFoundByThreeCharISO" time="0.323"/>
  <testcase classname="scenarios.CountryObjectValidate" name="getNothingMatchingFoundByTwoCharISO" time="0.345"/>
  <testcase classname="scenarios.CountryObjectValidate" name="getCountryByTwoCharISO" time="0.375"/>
  <testcase classname="scenarios.CountryObjectValidate" name="getNothingMatchingFoundByAnyFreeFormText" time="0.348"/>
  <testcase classname="scenarios.CountryObjectValidate" name="getCountryByThreeCharISO" time="0.326"/>
  <testcase classname="scenarios.CountryObjectValidate" name="successGetAllCountriesList" time="0.583"/>
</testsuite> <!-- scenarios.CountryObjectValidate -->
