<?xml version="1.0" encoding="UTF-8"?>
<!-- Generated by org.testng.reporters.JUnitReportReporter -->
<testsuite hostname="EPUAKYIW3085" failures="0" tests="5" name="scenarios.StateObjectValidate" time="1.804" errors="0" timestamp="2018-11-07T18:37:03 EET" skipped="0">
  <testcase classname="scenarios.StateObjectValidate" name="getNothingStateByAnyFreeFormText" time="0.341"/>
  <testcase classname="scenarios.StateObjectValidate" name="getStateByAnyFreeFormText" time="0.338"/>
  <testcase classname="scenarios.StateObjectValidate" name="successGetAllStatesResponse" time="0.410"/>
  <testcase classname="scenarios.StateObjectValidate" name="successGetOneStateResponse" time="0.348"/>
  <testcase classname="scenarios.StateObjectValidate" name="getNothingMatchingFound" time="0.367"/>
</testsuite> <!-- scenarios.StateObjectValidate -->
