<?xml version="1.0" encoding="UTF-8"?>
<!-- Generated by org.testng.reporters.JUnitReportReporter -->
<testsuite hostname="EPUAKYIW3085" failures="0" tests="5" name="scenarios.StateObjectValidate" time="1.491" errors="0" timestamp="2018-11-06T13:46:50 EET" skipped="0">
  <testcase classname="scenarios.StateObjectValidate" name="successGetAllStatesResponse" time="0.322"/>
  <testcase classname="scenarios.StateObjectValidate" name="successGetOneStateResponse" time="0.283"/>
  <testcase classname="scenarios.StateObjectValidate" name="getNothingMatchingFound" time="0.289"/>
  <testcase classname="scenarios.StateObjectValidate" name="getStateByAnyFreeFormText" time="0.303"/>
  <testcase classname="scenarios.StateObjectValidate" name="getNothingStateByAnyFreeFormText" time="0.294"/>
</testsuite> <!-- scenarios.StateObjectValidate -->
