<?xml version="1.0" encoding="UTF-8"?>
<!-- Generated by org.testng.reporters.JUnitReportReporter -->
<testsuite hostname="EPUAKYIW3085" failures="0" tests="7" name="scenarios.CountryObjectValidate" time="3.373" errors="0" timestamp="2018-11-08T10:37:47 EET" skipped="0">
  <testcase classname="scenarios.CountryObjectValidate" name="getCountryByTwoCharISO" time="0.386"/>
  <testcase classname="scenarios.CountryObjectValidate" name="successGetAllCountriesList" time="0.549"/>
  <testcase classname="scenarios.CountryObjectValidate" name="getNothingMatchingFoundByThreeCharISO" time="0.348"/>
  <testcase classname="scenarios.CountryObjectValidate" name="getCountryByThreeCharISO" time="0.355"/>
  <testcase classname="scenarios.CountryObjectValidate" name="getNothingMatchingFoundByAnyFreeFormText" time="0.548"/>
  <testcase classname="scenarios.CountryObjectValidate" name="getCountriesByAnyFreeFormText" time="0.832"/>
  <testcase classname="scenarios.CountryObjectValidate" name="getNothingMatchingFoundByTwoCharISO" time="0.355"/>
</testsuite> <!-- scenarios.CountryObjectValidate -->
