<?xml version="1.0" encoding="UTF-8"?>
<!-- Generated by org.testng.reporters.JUnitReportReporter -->
<testsuite hostname="EPUAKYIW3085" failures="0" tests="6" name="scenarios.StateObjectValidate" time="2.159" errors="0" timestamp="2018-11-05T18:28:12 EET" skipped="0">
  <testcase classname="scenarios.StateObjectValidate" name="getNothingMatchingFound" time="0.344"/>
  <testcase classname="scenarios.StateObjectValidate" name="getNothingStateByAnyFreeFormText" time="0.336"/>
  <testcase classname="scenarios.StateObjectValidate" name="test" time="0.383"/>
  <testcase classname="scenarios.StateObjectValidate" name="successGetAllStatesResponse" time="0.407"/>
  <testcase classname="scenarios.StateObjectValidate" name="successGetOneStateResponse" time="0.340"/>
  <testcase classname="scenarios.StateObjectValidate" name="getStateByAnyFreeFormText" time="0.349"/>
</testsuite> <!-- scenarios.StateObjectValidate -->
