<?xml version="1.0" encoding="UTF-8"?>
<!-- Generated by org.testng.reporters.JUnitReportReporter -->
<testsuite hostname="EPUAKYIW3085" failures="0" tests="7" name="scenarios.CountryObjectValidate" time="3.117" errors="0" timestamp="2018-11-06T13:46:50 EET" skipped="0">
  <testcase classname="scenarios.CountryObjectValidate" name="getNothingMatchingFoundByTwoCharISO" time="0.326"/>
  <testcase classname="scenarios.CountryObjectValidate" name="getCountriesByAnyFreeFormText" time="0.860"/>
  <testcase classname="scenarios.CountryObjectValidate" name="getNothingMatchingFoundByThreeCharISO" time="0.533"/>
  <testcase classname="scenarios.CountryObjectValidate" name="successGetAllCountriesList" time="0.480"/>
  <testcase classname="scenarios.CountryObjectValidate" name="getCountryByThreeCharISO" time="0.309"/>
  <testcase classname="scenarios.CountryObjectValidate" name="getCountryByTwoCharISO" time="0.287"/>
  <testcase classname="scenarios.CountryObjectValidate" name="getNothingMatchingFoundByAnyFreeFormText" time="0.322"/>
</testsuite> <!-- scenarios.CountryObjectValidate -->
