<?xml version="1.0" encoding="UTF-8"?>
<!-- Generated by org.testng.reporters.JUnitReportReporter -->
<testsuite hostname="EPUAKYIW3085" failures="0" tests="7" name="scenarios.CountryObjectValidate" time="3.210" errors="0" timestamp="2018-11-07T18:37:03 EET" skipped="0">
  <testcase classname="scenarios.CountryObjectValidate" name="getCountryByThreeCharISO" time="0.302"/>
  <testcase classname="scenarios.CountryObjectValidate" name="getNothingMatchingFoundByTwoCharISO" time="0.312"/>
  <testcase classname="scenarios.CountryObjectValidate" name="getNothingMatchingFoundByThreeCharISO" time="0.307"/>
  <testcase classname="scenarios.CountryObjectValidate" name="getCountryByTwoCharISO" time="0.360"/>
  <testcase classname="scenarios.CountryObjectValidate" name="getNothingMatchingFoundByAnyFreeFormText" time="0.314"/>
  <testcase classname="scenarios.CountryObjectValidate" name="successGetAllCountriesList" time="0.744"/>
  <testcase classname="scenarios.CountryObjectValidate" name="getCountriesByAnyFreeFormText" time="0.871"/>
</testsuite> <!-- scenarios.CountryObjectValidate -->
