<?xml version="1.0" encoding="UTF-8"?>
<!-- Generated by org.testng.reporters.JUnitReportReporter -->
<testsuite hostname="EPUAKYIW3085" failures="0" tests="5" name="scenarios.StateObjectValidate" time="1.788" errors="0" timestamp="2018-11-08T10:37:47 EET" skipped="0">
  <testcase classname="scenarios.StateObjectValidate" name="getNothingStateByAnyFreeFormText" time="0.339"/>
  <testcase classname="scenarios.StateObjectValidate" name="successGetAllStatesResponse" time="0.395"/>
  <testcase classname="scenarios.StateObjectValidate" name="getStateByAnyFreeFormText" time="0.369"/>
  <testcase classname="scenarios.StateObjectValidate" name="successGetOneStateResponse" time="0.339"/>
  <testcase classname="scenarios.StateObjectValidate" name="getNothingMatchingFound" time="0.346"/>
</testsuite> <!-- scenarios.StateObjectValidate -->
